<?xml version="1.0" encoding="UTF-8"?>
<testsuite name="com.example.cicddemo.CicdDemoApplicationTests" tests="1" skipped="0" failures="0" errors="0" timestamp="2021-10-15T06:42:43" hostname="gunoh-osx" time="0.33">
  <properties/>
  <testcase name="contextLoads()" classname="com.example.cicddemo.CicdDemoApplicationTests" time="0.33"/>
  <system-out><![CDATA[15:42:40.863 [Test worker] DEBUG org.springframework.test.context.BootstrapUtils - Instantiating CacheAwareContextLoaderDelegate from class [org.springframework.test.context.cache.DefaultCacheAwareContextLoaderDelegate]
15:42:40.875 [Test worker] DEBUG org.springframework.test.context.BootstrapUtils - Instantiating BootstrapContext using constructor [public org.springframework.test.context.support.DefaultBootstrapContext(java.lang.Class,org.springframework.test.context.CacheAwareContextLoaderDelegate)]
15:42:40.910 [Test worker] DEBUG org.springframework.test.context.BootstrapUtils - Instantiating TestContextBootstrapper for test class [com.example.cicddemo.CicdDemoApplicationTests] from class [org.springframework.boot.test.context.SpringBootTestContextBootstrapper]
15:42:40.920 [Test worker] INFO org.springframework.boot.test.context.SpringBootTestContextBootstrapper - Neither @ContextConfiguration nor @ContextHierarchy found for test class [com.example.cicddemo.CicdDemoApplicationTests], using SpringBootContextLoader
15:42:40.923 [Test worker] DEBUG org.springframework.test.context.support.AbstractContextLoader - Did not detect default resource location for test class [com.example.cicddemo.CicdDemoApplicationTests]: class path resource [com/example/cicddemo/CicdDemoApplicationTests-context.xml] does not exist
15:42:40.924 [Test worker] DEBUG org.springframework.test.context.support.AbstractContextLoader - Did not detect default resource location for test class [com.example.cicddemo.CicdDemoApplicationTests]: class path resource [com/example/cicddemo/CicdDemoApplicationTestsContext.groovy] does not exist
15:42:40.924 [Test worker] INFO org.springframework.test.context.support.AbstractContextLoader - Could not detect default resource locations for test class [com.example.cicddemo.CicdDemoApplicationTests]: no resource found for suffixes {-context.xml, Context.groovy}.
15:42:40.925 [Test worker] INFO org.springframework.test.context.support.AnnotationConfigContextLoaderUtils - Could not detect default configuration classes for test class [com.example.cicddemo.CicdDemoApplicationTests]: CicdDemoApplicationTests does not declare any static, non-private, non-final, nested classes annotated with @Configuration.
15:42:40.975 [Test worker] DEBUG org.springframework.test.context.support.ActiveProfilesUtils - Could not find an 'annotation declaring class' for annotation type [org.springframework.test.context.ActiveProfiles] and class [com.example.cicddemo.CicdDemoApplicationTests]
15:42:41.036 [Test worker] DEBUG org.springframework.context.annotation.ClassPathScanningCandidateComponentProvider - Identified candidate component class: file [/Users/gnoh/Project/KyoboBook/CICD_Design/cicd-demo/build/classes/java/main/com/example/cicddemo/CicdDemoApplication.class]
15:42:41.038 [Test worker] INFO org.springframework.boot.test.context.SpringBootTestContextBootstrapper - Found @SpringBootConfiguration com.example.cicddemo.CicdDemoApplication for test class com.example.cicddemo.CicdDemoApplicationTests
15:42:41.139 [Test worker] DEBUG org.springframework.boot.test.context.SpringBootTestContextBootstrapper - @TestExecutionListeners is not present for class [com.example.cicddemo.CicdDemoApplicationTests]: using defaults.
15:42:41.140 [Test worker] INFO org.springframework.boot.test.context.SpringBootTestContextBootstrapper - Loaded default TestExecutionListener class names from location [META-INF/spring.factories]: [org.springframework.boot.test.autoconfigure.restdocs.RestDocsTestExecutionListener, org.springframework.boot.test.autoconfigure.web.client.MockRestServiceServerResetTestExecutionListener, org.springframework.boot.test.autoconfigure.web.servlet.MockMvcPrintOnlyOnFailureTestExecutionListener, org.springframework.boot.test.autoconfigure.web.servlet.WebDriverTestExecutionListener, org.springframework.boot.test.autoconfigure.webservices.client.MockWebServiceServerTestExecutionListener, org.springframework.boot.test.mock.mockito.MockitoTestExecutionListener, org.springframework.boot.test.mock.mockito.ResetMocksTestExecutionListener, org.springframework.test.context.web.ServletTestExecutionListener, org.springframework.test.context.support.DirtiesContextBeforeModesTestExecutionListener, org.springframework.test.context.event.ApplicationEventsTestExecutionListener, org.springframework.test.context.support.DependencyInjectionTestExecutionListener, org.springframework.test.context.support.DirtiesContextTestExecutionListener, org.springframework.test.context.transaction.TransactionalTestExecutionListener, org.springframework.test.context.jdbc.SqlScriptsTestExecutionListener, org.springframework.test.context.event.EventPublishingTestExecutionListener]
15:42:41.151 [Test worker] DEBUG org.springframework.boot.test.context.SpringBootTestContextBootstrapper - Skipping candidate TestExecutionListener [org.springframework.test.context.transaction.TransactionalTestExecutionListener] due to a missing dependency. Specify custom listener classes or make the default listener classes and their required dependencies available. Offending class: [org/springframework/transaction/TransactionDefinition]
15:42:41.151 [Test worker] DEBUG org.springframework.boot.test.context.SpringBootTestContextBootstrapper - Skipping candidate TestExecutionListener [org.springframework.test.context.jdbc.SqlScriptsTestExecutionListener] due to a missing dependency. Specify custom listener classes or make the default listener classes and their required dependencies available. Offending class: [org/springframework/transaction/interceptor/TransactionAttribute]
15:42:41.152 [Test worker] INFO org.springframework.boot.test.context.SpringBootTestContextBootstrapper - Using TestExecutionListeners: [org.springframework.test.context.web.ServletTestExecutionListener@7e1a1da6, org.springframework.test.context.support.DirtiesContextBeforeModesTestExecutionListener@5f7f2382, org.springframework.test.context.event.ApplicationEventsTestExecutionListener@407cf41, org.springframework.boot.test.mock.mockito.MockitoTestExecutionListener@6815c5f2, org.springframework.boot.test.autoconfigure.SpringBootDependencyInjectionTestExecutionListener@46cc127b, org.springframework.test.context.support.DirtiesContextTestExecutionListener@60094a13, org.springframework.test.context.event.EventPublishingTestExecutionListener@5aceec94, org.springframework.boot.test.autoconfigure.restdocs.RestDocsTestExecutionListener@1c32886a, org.springframework.boot.test.autoconfigure.web.client.MockRestServiceServerResetTestExecutionListener@3a4b0e5d, org.springframework.boot.test.autoconfigure.web.servlet.MockMvcPrintOnlyOnFailureTestExecutionListener@10b892d5, org.springframework.boot.test.autoconfigure.web.servlet.WebDriverTestExecutionListener@3d3f761a, org.springframework.boot.test.autoconfigure.webservices.client.MockWebServiceServerTestExecutionListener@3546d80f, org.springframework.boot.test.mock.mockito.ResetMocksTestExecutionListener@579d011c]
15:42:41.155 [Test worker] DEBUG org.springframework.test.context.support.AbstractDirtiesContextTestExecutionListener - Before test class: context [DefaultTestContext@127e70c5 testClass = CicdDemoApplicationTests, testInstance = [null], testMethod = [null], testException = [null], mergedContextConfiguration = [WebMergedContextConfiguration@5910de75 testClass = CicdDemoApplicationTests, locations = '{}', classes = '{class com.example.cicddemo.CicdDemoApplication}', contextInitializerClasses = '[]', activeProfiles = '{}', propertySourceLocations = '{}', propertySourceProperties = '{org.springframework.boot.test.context.SpringBootTestContextBootstrapper=true}', contextCustomizers = set[org.springframework.boot.test.autoconfigure.actuate.metrics.MetricsExportContextCustomizerFactory$DisableMetricExportContextCustomizer@73173f63, org.springframework.boot.test.autoconfigure.properties.PropertyMappingContextCustomizer@0, org.springframework.boot.test.autoconfigure.web.servlet.WebDriverContextCustomizerFactory$Customizer@13e547a9, org.springframework.boot.test.context.filter.ExcludeFilterContextCustomizer@4b9df8a, org.springframework.boot.test.json.DuplicateJsonObjectContextCustomizerFactory$DuplicateJsonObjectContextCustomizer@6955cb39, org.springframework.boot.test.mock.mockito.MockitoContextCustomizer@0, org.springframework.boot.test.web.client.TestRestTemplateContextCustomizer@17cdf2d0, org.springframework.boot.test.context.SpringBootTestArgs@1, org.springframework.boot.test.context.SpringBootTestWebEnvironment@7dfd3c81], resourceBasePath = 'src/main/webapp', contextLoader = 'org.springframework.boot.test.context.SpringBootContextLoader', parent = [null]], attributes = map['org.springframework.test.context.web.ServletTestExecutionListener.activateListener' -> true]], class annotated with @DirtiesContext [false] with mode [null].
15:42:41.186 [Test worker] DEBUG org.springframework.test.context.support.TestPropertySourceUtils - Adding inlined properties to environment: {spring.jmx.enabled=false, org.springframework.boot.test.context.SpringBootTestContextBootstrapper=true}

  .   ____          _            __ _ _
 /\\ / ___'_ __ _ _(_)_ __  __ _ \ \ \ \
( ( )\___ | '_ | '_| | '_ \/ _` | \ \ \ \
 \\/  ___)| |_)| | | | | || (_| |  ) ) ) )
  '  |____| .__|_| |_|_| |_\__, | / / / /
 =========|_|==============|___/=/_/_/_/
 :: Spring Boot ::                (v2.5.5)

2021-10-15 15:42:41.490  INFO 14673 --- [    Test worker] c.e.cicddemo.CicdDemoApplicationTests    : Starting CicdDemoApplicationTests using Java 11.0.8 on gunoh-osx with PID 14673 (started by gnoh in /Users/gnoh/Project/KyoboBook/CICD_Design/cicd-demo)
2021-10-15 15:42:41.495  INFO 14673 --- [    Test worker] c.e.cicddemo.CicdDemoApplicationTests    : No active profile set, falling back to default profiles: default
2021-10-15 15:42:43.401  INFO 14673 --- [    Test worker] o.s.b.a.e.web.EndpointLinksResolver      : Exposing 1 endpoint(s) beneath base path '/actuator'
2021-10-15 15:42:43.450  INFO 14673 --- [    Test worker] c.e.cicddemo.CicdDemoApplicationTests    : Started CicdDemoApplicationTests in 2.252 seconds (JVM running for 3.481)
]]></system-out>
  <system-err><![CDATA[]]></system-err>
</testsuite>
